<?xml version="1.0" encoding="UTF-8" ?>
<testsuite errors="0" failures="0" hostname="User" name="fiuba.algo3.ejemplo1.FooTest" skipped="0" tests="1" time="0.177" timestamp="2013-11-04T16:49:56">
  <properties>
    <property name="java.vendor" value="Oracle Corporation" />
    <property name="coverage.summaryxml.dir" value="C:\Users\PC\proyecto-algo3\build\reports\cobertura-summary-xml" />
    <property name="libs" value="C:\Users\PC\proyecto-algo3\libs" />
    <property name="sun.java.launcher" value="SUN_STANDARD" />
    <property name="sun.management.compiler" value="HotSpot 64-Bit Tiered Compilers" />
    <property name="os.name" value="Windows 8" />
    <property name="sun.boot.class.path" value="C:\Program Files\Java\jdk1.7.0_45\jre\lib\resources.jar;C:\Program Files\Java\jdk1.7.0_45\jre\lib\rt.jar;C:\Program Files\Java\jdk1.7.0_45\jre\lib\sunrsasign.jar;C:\Program Files\Java\jdk1.7.0_45\jre\lib\jsse.jar;C:\Program Files\Java\jdk1.7.0_45\jre\lib\jce.jar;C:\Program Files\Java\jdk1.7.0_45\jre\lib\charsets.jar;C:\Program Files\Java\jdk1.7.0_45\jre\lib\jfr.jar;C:\Program Files\Java\jdk1.7.0_45\jre\classes" />
    <property name="reports.html.dir" value="C:\Users\PC\proyecto-algo3\build\reports\junit-html" />
    <property name="sun.desktop" value="windows" />
    <property name="ant.file.type.tp-final-algo3" value="file" />
    <property name="java.vm.specification.vendor" value="Oracle Corporation" />
    <property name="net.sourceforge.cobertura.datafile" value="C:\Users\PC\proyecto-algo3\build\cobertura.ser" />
    <property name="ant.home" value="C:\Program Files\Java\apache-ant-1.9.2\bin\.." />
    <property name="java.runtime.version" value="1.7.0_45-b18" />
    <property name="cobertura.dir" value="C:\Users\PC\proyecto-algo3\libs" />
    <property name="user.name" value="PC" />
    <property name="user.language" value="es" />
    <property name="build" value="C:\Users\PC\proyecto-algo3\build" />
    <property name="sun.boot.library.path" value="C:\Program Files\Java\jdk1.7.0_45\jre\bin" />
    <property name="reports.dir" value="C:\Users\PC\proyecto-algo3\build\reports" />
    <property name="ant.project.default-target" value="test" />
    <property name="ant.project.name" value="tp-final-algo3" />
    <property name="java.version" value="1.7.0_45" />
    <property name="coverage.html.dir" value="C:\Users\PC\proyecto-algo3\build\reports\cobertura-html" />
    <property name="user.timezone" value="" />
    <property name="sun.arch.data.model" value="64" />
    <property name="java.endorsed.dirs" value="C:\Program Files\Java\jdk1.7.0_45\jre\lib\endorsed" />
    <property name="sun.cpu.isalist" value="amd64" />
    <property name="sun.jnu.encoding" value="Cp1252" />
    <property name="file.encoding.pkg" value="sun.io" />
    <property name="file.separator" value="\" />
    <property name="java.specification.name" value="Java Platform API Specification" />
    <property name="classes.dir" value="C:\Users\PC\proyecto-algo3\build" />
    <property name="java.class.version" value="51.0" />
    <property name="user.country" value="AR" />
    <property name="java.home" value="C:\Program Files\Java\jdk1.7.0_45\jre" />
    <property name="java.vm.info" value="mixed mode" />
    <property name="ant.file" value="C:\Users\PC\proyecto-algo3\build.xml" />
    <property name="os.version" value="6.2" />
    <property name="path.separator" value=";" />
    <property name="java.vm.version" value="24.45-b08" />
    <property name="user.variant" value="" />
    <property name="ant.library.dir" value="C:\Program Files\Java\apache-ant-1.9.2\lib" />
    <property name="java.awt.printerjob" value="sun.awt.windows.WPrinterJob" />
    <property name="sun.io.unicode.encoding" value="UnicodeLittle" />
    <property name="awt.toolkit" value="sun.awt.windows.WToolkit" />
    <property name="user.script" value="" />
    <property name="reports.xml.dir" value="C:\Users\PC\proyecto-algo3\build\reports\junit-xml" />
    <property name="user.home" value="C:\Users\PC" />
    <property name="java.specification.vendor" value="Oracle Corporation" />
    <property name="coverage.xml.dir" value="C:\Users\PC\proyecto-algo3\build\reports\cobertura-xml" />
    <property name="java.library.path" value="C:\Program Files\Java\jdk1.7.0_45\jre\bin;C:\Windows\Sun\Java\bin;C:\Windows\system32;C:\Windows;C:\WindowsSystem32;C:\Windows;C:\WindowsSystem32Wbem;C:\Program Files (x86)\Intel\iCLS Client\;C:\Program Files\Intel\iCLS Client\;C:\Windows\system32;C:\Windows;C:\Windows\System32\Wbem;C:\Windows\System32\WindowsPowerShell\v1.0\;C:\Program Files (x86)\EgisTec MyWinLocker\x64;C:\Program Files (x86)\EgisTec MyWinLocker\;C:\Program Files (x86)\Intel\OpenCL SDK\2.0\bin\x86;C:\Program Files (x86)\Intel\OpenCL SDK\2.0\bin\x64;C:\Program Files\Intel\Intel(R) Management Engine Components\DAL;C:\Program Files\Intel\Intel(R) Management Engine Components\IPT;C:\Program Files (x86)\Intel\Intel(R) Management Engine Components\DAL;C:\Program Files (x86)\Intel\Intel(R) Management Engine Components\IPT;C:\Program Files\Diskeeper Corporation\ExpressCache\;C:\Program Files\MATLAB\R2012a\runtime\win64;C:\Program Files\MATLAB\R2012a\bin;C:\Program Files\Java\jdk1.7.0_45\bin;C:\Program Files\Java\apache-ant-1.9.2\bin;C:\Program Files (x86)\Subversion\bin;c:\windows;c:\windows\system32;c:\windows\system32\wbem;C:\Program Files\TortoiseSVN\bin;." />
    <property name="java.vendor.url" value="http://java.oracle.com/" />
    <property name="java.vm.vendor" value="Oracle Corporation" />
    <property name="java.runtime.name" value="Java(TM) SE Runtime Environment" />
    <property name="sun.java.command" value="org.apache.tools.ant.taskdefs.optional.junit.JUnitTestRunner fiuba.algo3.ejemplo1.FooTest filtertrace=true haltOnError=false haltOnFailure=false showoutput=false outputtoformatters=true logfailedtests=true logtestlistenerevents=false formatter=org.apache.tools.ant.taskdefs.optional.junit.XMLJUnitResultFormatter,C:\Users\PC\proyecto-algo3\build\reports\junit-xml\TEST-fiuba.algo3.ejemplo1.FooTest.xml crashfile=C:\Users\PC\proyecto-algo3\junitvmwatcher8720692593311796195.properties propsfile=C:\Users\PC\proyecto-algo3\junit8463087429057977796.properties" />
    <property name="java.class.path" value="C:\Users\PC\proyecto-algo3\build\instrumented;C:\Users\PC\proyecto-algo3\build;C:\Users\PC\proyecto-algo3\libs\asm-3.0.jar;C:\Users\PC\proyecto-algo3\libs\asm-tree-3.0.jar;C:\Users\PC\proyecto-algo3\libs\checkstyle-5.5-all.jar;C:\Users\PC\proyecto-algo3\libs\cobertura.jar;C:\Users\PC\proyecto-algo3\libs\jakarta-oro-2.0.8.jar;C:\Users\PC\proyecto-algo3\libs\junit-4.10.jar;C:\Users\PC\proyecto-algo3\libs\log4j-1.2.9.jar;C:\Users\PC\proyecto-algo3\libs\mockito-all-1.9.0.jar;C:\Users\PC\proyecto-algo3\build\tests;C:\Program Files\Java\apache-ant-1.9.2\lib\ant-launcher.jar;C:\Program Files\Java\apache-ant-1.9.2\lib\ant.jar;C:\Program Files\Java\apache-ant-1.9.2\lib\ant-junit.jar;C:\Program Files\Java\apache-ant-1.9.2\lib\ant-junit4.jar" />
    <property name="ant.version" value="Apache Ant(TM) version 1.9.2 compiled on July 8 2013" />
    <property name="java.vm.specification.name" value="Java Virtual Machine Specification" />
    <property name="ant.file.type" value="file" />
    <property name="java.vm.specification.version" value="1.7" />
    <property name="sun.cpu.endian" value="little" />
    <property name="sun.os.patch.level" value="" />
    <property name="java.io.tmpdir" value="C:\Users\PC\AppData\Local\Temp\" />
    <property name="java.vendor.url.bug" value="http://bugreport.sun.com/bugreport/" />
    <property name="os.arch" value="amd64" />
    <property name="java.awt.graphicsenv" value="sun.awt.Win32GraphicsEnvironment" />
    <property name="instrumented.dir" value="C:\Users\PC\proyecto-algo3\build\instrumented" />
    <property name="java.ext.dirs" value="C:\Program Files\Java\jdk1.7.0_45\jre\lib\ext;C:\Windows\Sun\Java\lib\ext" />
    <property name="user.dir" value="C:\Users\PC\proyecto-algo3" />
    <property name="line.separator" value="&#xd;&#xa;" />
    <property name="java.vm.name" value="Java HotSpot(TM) 64-Bit Server VM" />
    <property name="basedir" value="C:\Users\PC\proyecto-algo3" />
    <property name="ant.java.version" value="1.7" />
    <property name="ant.core.lib" value="C:\Program Files\Java\apache-ant-1.9.2\lib\ant.jar" />
    <property name="file.encoding" value="Cp1252" />
    <property name="ant.file.tp-final-algo3" value="C:\Users\PC\proyecto-algo3\build.xml" />
    <property name="java.specification.version" value="1.7" />
    <property name="src.dir" value="C:\Users\PC\proyecto-algo3\src" />
    <property name="ant.project.invoked-targets" value="test" />
  </properties>
  <testcase classname="fiuba.algo3.ejemplo1.FooTest" name="doFooShouldReturnFoo" time="0.03" />
  <system-out><![CDATA[]]></system-out>
  <system-err><![CDATA[]]></system-err>
</testsuite>
